#
# A fatal error has been detected by the Java Runtime Environment:
#
#  EXCEPTION_ACCESS_VIOLATION (0xc0000005) at pc=0x00007ffac21d5e66, pid=28644, tid=27828
#
# JRE version: OpenJDK Runtime Environment Temurin-17.0.4+8 (17.0.4+8) (build 17.0.4+8)
# Java VM: OpenJDK 64-Bit Server VM Temurin-17.0.4+8 (17.0.4+8, mixed mode, tiered, compressed oops, compressed class ptrs, parallel gc, windows-amd64)
# Problematic frame:
# V  [jvm.dll+0x6c5e66]
#
# No core dump will be written. Minidumps are not enabled by default on client versions of Windows
#
# If you would like to submit a bug report, please visit:
#   https://github.com/adoptium/adoptium-support/issues
#

---------------  S U M M A R Y ------------

Command Line: --add-modules=ALL-SYSTEM --add-opens=java.base/java.util=ALL-UNNAMED --add-opens=java.base/java.lang=ALL-UNNAMED --add-opens=java.base/sun.nio.fs=ALL-UNNAMED -Declipse.application=org.eclipse.jdt.ls.core.id1 -Dosgi.bundles.defaultStartLevel=4 -Declipse.product=org.eclipse.jdt.ls.core.product -Djava.import.generatesMetadataFilesAtProjectRoot=false -Dfile.encoding=utf8 -DwatchParentProcess=false -XX:+UseParallelGC -XX:GCTimeRatio=4 -XX:AdaptiveSizePolicyWeight=90 -Dsun.zip.disableMemoryMapping=true -Xmx1G -Xms100m -Xlog:jni+resolve=off -javaagent:c:\Users\D4Rk0n3\.vscode\extensions\redhat.java-1.10.0-win32-x64\lombok\lombok-1.18.24.jar -XX:+HeapDumpOnOutOfMemoryError -XX:HeapDumpPath=c:\Users\D4Rk0n3\AppData\Roaming\Code\User\workspaceStorage\3522ba8e8ce5ee884612eebb4ccb723e\redhat.java c:\Users\D4Rk0n3\.vscode\extensions\redhat.java-1.10.0-win32-x64\server\plugins\org.eclipse.equinox.launcher_1.6.400.v20210924-0641.jar -configuration c:\Users\D4Rk0n3\AppData\Roaming\Code\User\globalStorage\redhat.java\1.10.0\config_win -data c:\Users\D4Rk0n3\AppData\Roaming\Code\User\workspaceStorage\3522ba8e8ce5ee884612eebb4ccb723e\redhat.java\jdt_ws

Host: 12th Gen Intel(R) Core(TM) i5-12600K, 16 cores, 31G,  Windows 11 , 64 bit Build 22621 (10.0.22621.598)
Time: Mon Sep 26 12:29:20 2022 Romance Daylight Time elapsed time: 9.500069 seconds (0d 0h 0m 9s)

---------------  T H R E A D  ---------------

Current thread (0x00000143b0051bd0):  JavaThread "C2 CompilerThread2" daemon [_thread_in_native, id=27828, stack(0x00000016bbe00000,0x00000016bbf00000)]


Current CompileTask:
C2:   9500 7042       4       org.eclipse.jdt.internal.compiler.lookup.BinaryTypeBinding::createMethod (1719 bytes)

Stack: [0x00000016bbe00000,0x00000016bbf00000],  sp=0x00000016bbefbb80,  free space=1006k
Native frames: (J=compiled Java code, j=interpreted, Vv=VM code, C=native code)
V  [jvm.dll+0x6c5e66]
V  [jvm.dll+0x1be86e]
V  [jvm.dll+0x1bbd92]
V  [jvm.dll+0x218629]
V  [jvm.dll+0x2178f1]
V  [jvm.dll+0x1a3f8d]
V  [jvm.dll+0x227308]
V  [jvm.dll+0x225455]
V  [jvm.dll+0x7e7eeb]
V  [jvm.dll+0x7e245a]
V  [jvm.dll+0x6761c5]
C  [ucrtbase.dll+0x29363]
C  [KERNEL32.DLL+0x1244d]
C  [ntdll.dll+0x5df78]


siginfo: EXCEPTION_ACCESS_VIOLATION (0xc0000005), reading address 0x00000143b756b000


Register to memory mapping:

RIP=0x00007ffac21d5e66 jvm.dll
RAX=0x0000000000006ac7 is an unknown value
RBX=0x5555555555555555 is an unknown value
RCX=0x0 is NULL
RDX=0x000000000001ae9a is an unknown value
RSP=0x00000016bbefbb80 is pointing into the stack for thread: 0x00000143b0051bd0
RBP=0x00000016bbefbd30 is pointing into the stack for thread: 0x00000143b0051bd0
RSI=0x0101010101010101 is an unknown value
RDI=0x0f0f0f0f0f0f0f0f is an unknown value
R8 =0x0000000000006ac8 is an unknown value
R9 =0x00000143b75359c8 points into unknown readable memory: 0x0000000005555455 | 55 54 55 05 00 00 00 00
R10=0x0000000020000000 is an unknown value
R11=0x3333333333333333 is an unknown value
R12=0x00000000000003d8 is an unknown value
R13=0x00000143984abfb0 points into unknown readable memory: 0x0000000000000000 | 00 00 00 00 00 00 00 00
R14=0x00000143b5a66ac0 points into unknown readable memory: 0x00007ffa00000002 | 02 00 00 00 fa 7f 00 00
R15=0x00000143b5a66ab0 points into unknown readable memory: 0x00000143b72e5040 | 40 50 2e b7 43 01 00 00


Registers:
RAX=0x0000000000006ac7, RBX=0x5555555555555555, RCX=0x0000000000000000, RDX=0x000000000001ae9a
RSP=0x00000016bbefbb80, RBP=0x00000016bbefbd30, RSI=0x0101010101010101, RDI=0x0f0f0f0f0f0f0f0f
R8 =0x0000000000006ac8, R9 =0x00000143b75359c8, R10=0x0000000020000000, R11=0x3333333333333333
R12=0x00000000000003d8, R13=0x00000143984abfb0, R14=0x00000143b5a66ac0, R15=0x00000143b5a66ab0
RIP=0x00007ffac21d5e66, EFLAGS=0x0000000000010203

Top of Stack: (sp=0x00000016bbefbb80)
0x00000016bbefbb80:   000000000000193c 00007ffac1cce86e
0x00000016bbefbb90:   00000143b7535990 00000016bbefc090
0x00000016bbefbba0:   00000143b7c6be58 00000143b6ca7d10
0x00000016bbefbbb0:   000003f300000011 00007ffa00000005
0x00000016bbefbbc0:   00000143b7c6be58 00000000000000f0
0x00000016bbefbbd0:   0000000000000000 0000000000000000
0x00000016bbefbbe0:   0000000000149f50 00000143b5a66ab0
0x00000016bbefbbf0:   00000143b5a66ac0 00000143984abfb0
0x00000016bbefbc00:   00000000000003d8 00000016bbefbd30
0x00000016bbefbc10:   0000000000000000 00000016bbefc170
0x00000016bbefbc20:   00000016bbefc090 00007ffac1ccbd92
0x00000016bbefbc30:   00000016bbefc090 00000016bbefbd01
0x00000016bbefbc40:   00000016bbefc101 00000000ffffffff
0x00000016bbefbc50:   0000000000000000 0000000000000000
0x00000016bbefbc60:   0000000000000006 00000143b5a66ab0
0x00000016bbefbc70:   00000143b5b8e790 00000143b5b923a0 

Instructions: (pc=0x00007ffac21d5e66)
0x00007ffac21d5d66:   ad 2e 00 48 89 45 a8 48 8d 05 84 ad 2e 00 48 89
0x00007ffac21d5d76:   45 b0 48 8d 05 81 ad 2e 00 48 89 45 b8 48 8d 05
0x00007ffac21d5d86:   7e ad 2e 00 48 89 45 c0 48 8d 05 7b ad 2e 00 48
0x00007ffac21d5d96:   89 45 c8 48 8d 05 78 ad 2e 00 48 89 45 d0 48 8d
0x00007ffac21d5da6:   05 75 ad 2e 00 48 89 45 d8 48 8d 05 72 ad 2e 00
0x00007ffac21d5db6:   48 89 45 e0 48 8d 05 6f ad 2e 00 48 89 45 e8 48
0x00007ffac21d5dc6:   8d 05 6c ad 2e 00 48 89 45 f0 48 8d 05 69 ad 2e
0x00007ffac21d5dd6:   00 48 89 45 f8 48 83 f9 1f 77 09 48 63 c1 48 8b
0x00007ffac21d5de6:   04 c4 eb 07 48 8d 05 57 ad 2e 00 48 8b 4d 00 48
0x00007ffac21d5df6:   33 cc e8 a3 7c 1c 00 48 81 c4 10 01 00 00 5d c3
0x00007ffac21d5e06:   cc cc cc cc cc cc cc cc cc cc 48 83 ec 08 44 8b
0x00007ffac21d5e16:   51 5c 33 d2 44 8b 41 58 4c 8b c9 45 3b c2 0f 87
0x00007ffac21d5e26:   86 00 00 00 48 89 5c 24 10 49 bb 33 33 33 33 33
0x00007ffac21d5e36:   33 33 33 48 89 74 24 18 48 bb 55 55 55 55 55 55
0x00007ffac21d5e46:   55 55 48 89 3c 24 48 be 01 01 01 01 01 01 01 01
0x00007ffac21d5e56:   48 bf 0f 0f 0f 0f 0f 0f 0f 0f 41 8b c0 41 ff c0
0x00007ffac21d5e66:   49 8b 0c c1 48 8b c1 48 d1 e8 48 23 c3 48 2b c8
0x00007ffac21d5e76:   48 8b c1 49 23 cb 48 c1 e8 02 49 23 c3 48 03 c1
0x00007ffac21d5e86:   48 8b c8 48 c1 e9 04 48 03 c8 48 23 cf 48 0f af
0x00007ffac21d5e96:   ce 48 c1 e9 38 03 d1 45 3b c2 76 be 48 8b 3c 24
0x00007ffac21d5ea6:   48 8b 74 24 18 48 8b 5c 24 10 8b c2 48 83 c4 08
0x00007ffac21d5eb6:   c3 cc cc cc cc cc cc cc cc cc 8b 41 58 4c 8b d1
0x00007ffac21d5ec6:   3b 41 5c 77 3f 49 bb 55 55 55 55 55 55 55 d5 66
0x00007ffac21d5ed6:   66 66 0f 1f 84 00 00 00 00 00 8b d0 ff c0 4d 8b
0x00007ffac21d5ee6:   04 d2 4d 8d 0c d2 49 8b d0 49 23 d3 48 03 d2 4c
0x00007ffac21d5ef6:   23 c2 49 8b c8 48 d1 e9 49 0b c8 49 89 09 41 3b
0x00007ffac21d5f06:   42 5c 76 d6 c3 cc cc cc cc cc 48 83 ec 08 44 8b
0x00007ffac21d5f16:   c2 4c 8b d9 83 fa 01 0f 84 a7 00 00 00 44 8b 51
0x00007ffac21d5f26:   58 41 8b c0 48 c1 e8 02 48 89 3c 24 48 8d 3d 3f
0x00007ffac21d5f36:   ac 2e 00 48 8b 3c c7 44 3b 51 5c 0f 87 7f 00 00
0x00007ffac21d5f46:   00 48 89 5c 24 10 0f 1f 40 00 41 8b c2 4d 8b 0c
0x00007ffac21d5f56:   c3 49 8d 1c c3 49 8b c1 48 23 c7 41 83 f8 01 76 


Stack slot to memory mapping:
stack at sp + 0 slots: 0x000000000000193c is an unknown value
stack at sp + 1 slots: 0x00007ffac1cce86e jvm.dll
stack at sp + 2 slots: 0x00000143b7535990 points into unknown readable memory: 0x0000000000000000 | 00 00 00 00 00 00 00 00
stack at sp + 3 slots: 0x00000016bbefc090 is pointing into the stack for thread: 0x00000143b0051bd0
stack at sp + 4 slots: 0x00000143b7c6be58 points into unknown readable memory: 0x00007ffac242a280 | 80 a2 42 c2 fa 7f 00 00
stack at sp + 5 slots: 0x00000143b6ca7d10 points into unknown readable memory: 0x00007ffac242a280 | 80 a2 42 c2 fa 7f 00 00
stack at sp + 6 slots: 0x000003f300000011 is an unknown value
stack at sp + 7 slots: 0x00007ffa00000005 is an unknown value


---------------  P R O C E S S  ---------------

Threads class SMR info:
_java_thread_list=0x00000143b68c7bb0, length=44, elements={
0x0000014398447600, 0x00000143ae217030, 0x00000143afdf5aa0, 0x00000143ae21a2e0,
0x00000143ae21ada0, 0x00000143ae21de70, 0x00000143afe33080, 0x00000143afe30040,
0x00000143afe309f0, 0x00000143afe46e40, 0x00000143aff3a030, 0x00000143affacea0,
0x00000143b1d3c040, 0x00000143b31238f0, 0x00000143affadbc0, 0x00000143b0026ae0,
0x00000143b313f580, 0x00000143b32640e0, 0x00000143b3422580, 0x00000143b31bc3d0,
0x00000143b31be0b0, 0x00000143b31bbf00, 0x00000143b31bc8a0, 0x00000143b36a9f50,
0x00000143b0051bd0, 0x00000143b31bb090, 0x00000143b31bb560, 0x00000143b31bba30,
0x00000143b31bd240, 0x00000143b5938b10, 0x00000143b6f54fd0, 0x00000143b55775b0,
0x00000143b79afea0, 0x00000143b31be580, 0x00000143b98c6390, 0x00000143b98cb090,
0x00000143b98c5050, 0x00000143b98ca6f0, 0x00000143b98cabc0, 0x00000143b98c8540,
0x00000143b98c8a10, 0x00000143b98c6860, 0x00000143b98c9880, 0x00000143b98c46b0
}

Java Threads: ( => current thread )
  0x0000014398447600 JavaThread "main" [_thread_blocked, id=27924, stack(0x00000016b9700000,0x00000016b9800000)]
  0x00000143ae217030 JavaThread "Reference Handler" daemon [_thread_blocked, id=27812, stack(0x00000016b9a00000,0x00000016b9b00000)]
  0x00000143afdf5aa0 JavaThread "Finalizer" daemon [_thread_blocked, id=28064, stack(0x00000016b9b00000,0x00000016b9c00000)]
  0x00000143ae21a2e0 JavaThread "Signal Dispatcher" daemon [_thread_blocked, id=28008, stack(0x00000016b9c00000,0x00000016b9d00000)]
  0x00000143ae21ada0 JavaThread "Attach Listener" daemon [_thread_blocked, id=28072, stack(0x00000016b9d00000,0x00000016b9e00000)]
  0x00000143ae21de70 JavaThread "Service Thread" daemon [_thread_blocked, id=27968, stack(0x00000016b9e00000,0x00000016b9f00000)]
  0x00000143afe33080 JavaThread "Monitor Deflation Thread" daemon [_thread_blocked, id=27988, stack(0x00000016b9f00000,0x00000016ba000000)]
  0x00000143afe30040 JavaThread "C2 CompilerThread0" daemon [_thread_blocked, id=28108, stack(0x00000016ba000000,0x00000016ba100000)]
  0x00000143afe309f0 JavaThread "C1 CompilerThread0" daemon [_thread_blocked, id=28116, stack(0x00000016ba100000,0x00000016ba200000)]
  0x00000143afe46e40 JavaThread "Sweeper thread" daemon [_thread_blocked, id=28032, stack(0x00000016ba200000,0x00000016ba300000)]
  0x00000143aff3a030 JavaThread "Common-Cleaner" daemon [_thread_blocked, id=27668, stack(0x00000016ba300000,0x00000016ba400000)]
  0x00000143affacea0 JavaThread "C1 CompilerThread1" daemon [_thread_blocked, id=26712, stack(0x00000016ba400000,0x00000016ba500000)]
  0x00000143b1d3c040 JavaThread "Notification Thread" daemon [_thread_blocked, id=28484, stack(0x00000016ba900000,0x00000016baa00000)]
  0x00000143b31238f0 JavaThread "Active Thread: Equinox Container: 09a1a848-0054-4c78-8f26-8564925b2991" [_thread_blocked, id=27916, stack(0x00000016bb000000,0x00000016bb100000)]
  0x00000143affadbc0 JavaThread "Framework Event Dispatcher: Equinox Container: 09a1a848-0054-4c78-8f26-8564925b2991" daemon [_thread_blocked, id=28412, stack(0x00000016ba500000,0x00000016ba600000)]
  0x00000143b0026ae0 JavaThread "Start Level: Equinox Container: 09a1a848-0054-4c78-8f26-8564925b2991" daemon [_thread_blocked, id=28480, stack(0x00000016ba700000,0x00000016ba800000)]
  0x00000143b313f580 JavaThread "SCR Component Actor" daemon [_thread_blocked, id=28568, stack(0x00000016ba800000,0x00000016ba900000)]
  0x00000143b32640e0 JavaThread "SCR Component Registry" daemon [_thread_blocked, id=28440, stack(0x00000016bb300000,0x00000016bb400000)]
  0x00000143b3422580 JavaThread "C1 CompilerThread2" daemon [_thread_blocked, id=28396, stack(0x00000016bb400000,0x00000016bb500000)]
  0x00000143b31bc3d0 JavaThread "Bundle File Closer" daemon [_thread_blocked, id=27756, stack(0x00000016ba600000,0x00000016ba700000)]
  0x00000143b31be0b0 JavaThread "Worker-JM" [_thread_blocked, id=27660, stack(0x00000016bb700000,0x00000016bb800000)]
  0x00000143b31bbf00 JavaThread "Worker-0" [_thread_blocked, id=28212, stack(0x00000016bb800000,0x00000016bb900000)]
  0x00000143b31bc8a0 JavaThread "Worker-1" [_thread_blocked, id=27764, stack(0x00000016bbc00000,0x00000016bbd00000)]
  0x00000143b36a9f50 JavaThread "C2 CompilerThread1" daemon [_thread_blocked, id=27972, stack(0x00000016bb600000,0x00000016bb700000)]
=>0x00000143b0051bd0 JavaThread "C2 CompilerThread2" daemon [_thread_in_native, id=27828, stack(0x00000016bbe00000,0x00000016bbf00000)]
  0x00000143b31bb090 JavaThread "Java indexing" daemon [_thread_blocked, id=23964, stack(0x00000016bbf00000,0x00000016bc000000)]
  0x00000143b31bb560 JavaThread "pool-1-thread-1" [_thread_in_native, id=27776, stack(0x00000016bc300000,0x00000016bc400000)]
  0x00000143b31bba30 JavaThread "Worker-2" [_thread_blocked, id=28384, stack(0x00000016bc400000,0x00000016bc500000)]
  0x00000143b31bd240 JavaThread "Worker-3" [_thread_blocked, id=5656, stack(0x00000016bc500000,0x00000016bc600000)]
  0x00000143b5938b10 JavaThread "C2 CompilerThread3" daemon [_thread_blocked, id=27872, stack(0x00000016bc600000,0x00000016bc700000)]
  0x00000143b6f54fd0 JavaThread "C2 CompilerThread4" daemon [_thread_blocked, id=27952, stack(0x00000016bc700000,0x00000016bc800000)]
  0x00000143b55775b0 JavaThread "C2 CompilerThread5" daemon [_thread_in_native, id=28392, stack(0x00000016bc800000,0x00000016bc900000)]
  0x00000143b79afea0 JavaThread "C1 CompilerThread3" daemon [_thread_blocked, id=25832, stack(0x00000016bca00000,0x00000016bcb00000)]
  0x00000143b31be580 JavaThread "Keep-Alive-Timer" daemon [_thread_blocked, id=28464, stack(0x00000016bcc00000,0x00000016bcd00000)]
  0x00000143b98c6390 JavaThread "Worker-4" [_thread_blocked, id=24076, stack(0x00000016bce00000,0x00000016bcf00000)]
  0x00000143b98cb090 JavaThread "ForkJoinPool.commonPool-worker-1" daemon [_thread_blocked, id=17968, stack(0x00000016bcf00000,0x00000016bd000000)]
  0x00000143b98c5050 JavaThread "ForkJoinPool.commonPool-worker-2" daemon [_thread_blocked, id=28092, stack(0x00000016bc900000,0x00000016bca00000)]
  0x00000143b98ca6f0 JavaThread "ForkJoinPool.commonPool-worker-3" daemon [_thread_blocked, id=23696, stack(0x00000016bcd00000,0x00000016bce00000)]
  0x00000143b98cabc0 JavaThread "ForkJoinPool.commonPool-worker-4" daemon [_thread_blocked, id=28096, stack(0x00000016bd000000,0x00000016bd100000)]
  0x00000143b98c8540 JavaThread "ForkJoinPool.commonPool-worker-5" daemon [_thread_blocked, id=28088, stack(0x00000016bd100000,0x00000016bd200000)]
  0x00000143b98c8a10 JavaThread "ForkJoinPool.commonPool-worker-6" daemon [_thread_blocked, id=28132, stack(0x00000016bd200000,0x00000016bd300000)]
  0x00000143b98c6860 JavaThread "ForkJoinPool.commonPool-worker-7" daemon [_thread_blocked, id=25888, stack(0x00000016bd300000,0x00000016bd400000)]
  0x00000143b98c9880 JavaThread "ForkJoinPool.commonPool-worker-8" daemon [_thread_blocked, id=28080, stack(0x00000016bd400000,0x00000016bd500000)]
  0x00000143b98c46b0 JavaThread "ForkJoinPool.commonPool-worker-9" daemon [_thread_blocked, id=27816, stack(0x00000016bd500000,0x00000016bd600000)]

Other Threads:
  0x00000143984cd7d0 VMThread "VM Thread" [stack: 0x00000016b9900000,0x00000016b9a00000] [id=28040]
  0x00000143b1d3b950 WatcherThread [stack: 0x00000016baa00000,0x00000016bab00000] [id=28488]
  0x000001439845cf10 GCTaskThread "GC Thread#0" [stack: 0x00000016b9800000,0x00000016b9900000] [id=28028]
  0x00000143b222a040 GCTaskThread "GC Thread#1" [stack: 0x00000016bab00000,0x00000016bac00000] [id=28124]
  0x00000143b2283130 GCTaskThread "GC Thread#2" [stack: 0x00000016bac00000,0x00000016bad00000] [id=27688]
  0x00000143b2283bf0 GCTaskThread "GC Thread#3" [stack: 0x00000016bad00000,0x00000016bae00000] [id=27736]
  0x00000143b2283ea0 GCTaskThread "GC Thread#4" [stack: 0x00000016bae00000,0x00000016baf00000] [id=3116]
  0x00000143b2284150 GCTaskThread "GC Thread#5" [stack: 0x00000016baf00000,0x00000016bb000000] [id=28120]
  0x00000143b3357a80 GCTaskThread "GC Thread#6" [stack: 0x00000016bb100000,0x00000016bb200000] [id=28408]
  0x00000143b333fb00 GCTaskThread "GC Thread#7" [stack: 0x00000016bb200000,0x00000016bb300000] [id=28452]
  0x00000143b3403890 GCTaskThread "GC Thread#8" [stack: 0x00000016bb500000,0x00000016bb600000] [id=28136]
  0x00000143b38a0860 GCTaskThread "GC Thread#9" [stack: 0x00000016bb900000,0x00000016bba00000] [id=28608]
  0x00000143b38a0b10 GCTaskThread "GC Thread#10" [stack: 0x00000016bba00000,0x00000016bbb00000] [id=28612]
  0x00000143b375e840 GCTaskThread "GC Thread#11" [stack: 0x00000016bbb00000,0x00000016bbc00000] [id=28616]
  0x00000143b2275020 GCTaskThread "GC Thread#12" [stack: 0x00000016bbd00000,0x00000016bbe00000] [id=27740]

Threads with active compile tasks:
C2 CompilerThread2     9528 7042       4       org.eclipse.jdt.internal.compiler.lookup.BinaryTypeBinding::createMethod (1719 bytes)
C2 CompilerThread5     9528 7075 %     4       org.objectweb.asm.ClassReader::readCode @ 2186 (5109 bytes)

VM state: not at safepoint (normal execution)

VM Mutex/Monitor currently owned by a thread: None

Heap address: 0x00000000c0000000, size: 1024 MB, Compressed Oops mode: 32-bit

CDS archive(s) not mapped
Compressed class space mapped at: 0x0000000100000000-0x0000000140000000, reserved size: 1073741824
Narrow klass base: 0x0000000000000000, Narrow klass shift: 3, Narrow klass range: 0x140000000

GC Precious Log:
 CPUs: 16 total, 16 available
 Memory: 32577M
 Large Page Support: Disabled
 NUMA Support: Disabled
 Compressed Oops: Enabled (32-bit)
 Alignments: Space 512K, Generation 512K, Heap 2M
 Heap Min Capacity: 100M
 Heap Initial Capacity: 100M
 Heap Max Capacity: 1G
 Pre-touch: Disabled
 Parallel Workers: 13

Heap:
 PSYoungGen      total 13824K, used 10174K [0x00000000eab00000, 0x00000000ebf00000, 0x0000000100000000)
  eden space 11776K, 71% used [0x00000000eab00000,0x00000000eb338e60,0x00000000eb680000)
  from space 2048K, 85% used [0x00000000ebd00000,0x00000000ebeb6ca0,0x00000000ebf00000)
  to   space 3584K, 0% used [0x00000000eb800000,0x00000000eb800000,0x00000000ebb80000)
 ParOldGen       total 118272K, used 71303K [0x00000000c0000000, 0x00000000c7380000, 0x00000000eab00000)
  object space 118272K, 60% used [0x00000000c0000000,0x00000000c45a1e00,0x00000000c7380000)
 Metaspace       used 62650K, committed 63552K, reserved 1105920K
  class space    used 6716K, committed 7168K, reserved 1048576K

Card table byte_map: [0x00000143aba90000,0x00000143abca0000] _byte_map_base: 0x00000143ab490000

Marking Bits: (ParMarkBitMap*) 0x00007ffac2692cd0
 Begin Bits: [0x00000143abe00000, 0x00000143ace00000)
 End Bits:   [0x00000143ace00000, 0x00000143ade00000)

Polling page: 0x0000014398510000

Metaspace:

Usage:
  Non-class:     54.62 MB used.
      Class:      6.56 MB used.
       Both:     61.18 MB used.

Virtual space:
  Non-class space:       56.00 MB reserved,      55.06 MB ( 98%) committed,  7 nodes.
      Class space:        1.00 GB reserved,       7.00 MB ( <1%) committed,  1 nodes.
             Both:        1.05 GB reserved,      62.06 MB (  6%) committed. 

Chunk freelists:
   Non-Class:  64.00 KB
       Class:  1007.00 KB
        Both:  1.05 MB

MaxMetaspaceSize: unlimited
CompressedClassSpaceSize: 1.00 GB
Initial GC threshold: 21.00 MB
Current GC threshold: 100.12 MB
CDS: off
MetaspaceReclaimPolicy: balanced
 - commit_granule_bytes: 65536.
 - commit_granule_words: 8192.
 - virtual_space_node_default_size: 1048576.
 - enlarge_chunks_in_place: 1.
 - new_chunks_are_fully_committed: 0.
 - uncommit_free_chunks: 1.
 - use_allocation_guard: 0.
 - handle_deallocations: 1.


Internal statistics:

num_allocs_failed_limit: 9.
num_arena_births: 384.
num_arena_deaths: 14.
num_vsnodes_births: 8.
num_vsnodes_deaths: 0.
num_space_committed: 993.
num_space_uncommitted: 0.
num_chunks_returned_to_freelist: 23.
num_chunks_taken_from_freelist: 2532.
num_chunk_merges: 13.
num_chunk_splits: 1671.
num_chunks_enlarged: 1116.
num_purges: 2.
num_inconsistent_stats: 0.

CodeHeap 'non-profiled nmethods': size=119168Kb used=4107Kb max_used=4107Kb free=115060Kb
 bounds [0x00000143a4440000, 0x00000143a4850000, 0x00000143ab8a0000]
CodeHeap 'profiled nmethods': size=119104Kb used=13410Kb max_used=13410Kb free=105693Kb
 bounds [0x000001439cff0000, 0x000001439dd10000, 0x00000143a4440000]
CodeHeap 'non-nmethods': size=7488Kb used=3047Kb max_used=3102Kb free=4440Kb
 bounds [0x000001439c8a0000, 0x000001439cc10000, 0x000001439cff0000]
 total_blobs=6941 nmethods=6241 adapters=610
 compilation: enabled
              stopped_count=0, restarted_count=0
 full_count=0

Compilation events (20 events):
Event: 9.419 Thread 0x00000143afe309f0 nmethod 7101 0x000001439dd08890 code [0x000001439dd08a40, 0x000001439dd08cb8]
Event: 9.419 Thread 0x00000143b5938b10 7103   !   4       org.eclipse.osgi.storage.bundlefile.CloseableBundleFile::decrementReference (58 bytes)
Event: 9.422 Thread 0x00000143b5938b10 nmethod 7103 0x00000143a4831b90 code [0x00000143a4831d60, 0x00000143a48320c8]
Event: 9.425 Thread 0x00000143affacea0 7104       1       com.google.gson.internal.$Gson$Types$ParameterizedTypeImpl::getOwnerType (5 bytes)
Event: 9.425 Thread 0x00000143affacea0 nmethod 7104 0x00000143a4832490 code [0x00000143a4832620, 0x00000143a48326f8]
Event: 9.425 Thread 0x00000143b3422580 7105   !   3       java.lang.reflect.Proxy::newProxyInstance (75 bytes)
Event: 9.425 Thread 0x00000143afe309f0 7106       1       com.google.gson.stream.JsonWriter::isLenient (5 bytes)
Event: 9.425 Thread 0x00000143b79afea0 7107       1       com.google.gson.stream.JsonWriter::isHtmlSafe (5 bytes)
Event: 9.425 Thread 0x00000143afe309f0 nmethod 7106 0x00000143a4832790 code [0x00000143a4832920, 0x00000143a48329f8]
Event: 9.425 Thread 0x00000143b79afea0 nmethod 7107 0x00000143a4832a90 code [0x00000143a4832c20, 0x00000143a4832cf8]
Event: 9.425 Thread 0x00000143b3422580 nmethod 7105 0x000001439dd08e10 code [0x000001439dd09060, 0x000001439dd09b08]
Event: 9.428 Thread 0x00000143b36a9f50 nmethod 7079 0x00000143a4832d90 code [0x00000143a4833060, 0x00000143a4834ae8]
Event: 9.431 Thread 0x00000143afe30040 nmethod 7082 0x00000143a4836190 code [0x00000143a4836480, 0x00000143a4838048]
Event: 9.435 Thread 0x00000143afe309f0 7108       1       org.eclipse.core.internal.jobs.JobChangeEvent::getJob (5 bytes)
Event: 9.436 Thread 0x00000143afe309f0 nmethod 7108 0x00000143a4839710 code [0x00000143a48398a0, 0x00000143a4839978]
Event: 9.474 Thread 0x00000143b6f54fd0 nmethod 7045 0x00000143a4839a10 code [0x00000143a483a080, 0x00000143a483f5b8]
Event: 9.491 Thread 0x00000143b6f54fd0 7109       4       java.io.WinNTFileSystem::prefixLength (91 bytes)
Event: 9.492 Thread 0x00000143b79afea0 7110       3       java.lang.Class::getField0 (99 bytes)
Event: 9.492 Thread 0x00000143b79afea0 nmethod 7110 0x000001439dd09f90 code [0x000001439dd0a1c0, 0x000001439dd0a6e8]
Event: 9.493 Thread 0x00000143b6f54fd0 nmethod 7109 0x00000143a4842310 code [0x00000143a48424c0, 0x00000143a4842888]

GC Heap History (20 events):
Event: 9.188 GC heap before
{Heap before GC invocations=30 (full 4):
 PSYoungGen      total 21504K, used 21088K [0x00000000eab00000, 0x00000000ec180000, 0x0000000100000000)
  eden space 20480K, 100% used [0x00000000eab00000,0x00000000ebf00000,0x00000000ebf00000)
  from space 1024K, 59% used [0x00000000ec080000,0x00000000ec118000,0x00000000ec180000)
  to   space 1024K, 0% used [0x00000000ebf00000,0x00000000ebf00000,0x00000000ec000000)
 ParOldGen       total 68608K, used 65753K [0x00000000c0000000, 0x00000000c4300000, 0x00000000eab00000)
  object space 68608K, 95% used [0x00000000c0000000,0x00000000c4036420,0x00000000c4300000)
 Metaspace       used 60655K, committed 61504K, reserved 1105920K
  class space    used 6565K, committed 6912K, reserved 1048576K
}
Event: 9.209 GC heap after
{Heap after GC invocations=30 (full 4):
 PSYoungGen      total 21504K, used 0K [0x00000000eab00000, 0x00000000ec100000, 0x0000000100000000)
  eden space 20480K, 0% used [0x00000000eab00000,0x00000000eab00000,0x00000000ebf00000)
  from space 1024K, 0% used [0x00000000ebf00000,0x00000000ebf00000,0x00000000ec000000)
  to   space 1024K, 0% used [0x00000000ec000000,0x00000000ec000000,0x00000000ec100000)
 ParOldGen       total 78848K, used 45860K [0x00000000c0000000, 0x00000000c4d00000, 0x00000000eab00000)
  object space 78848K, 58% used [0x00000000c0000000,0x00000000c2cc9208,0x00000000c4d00000)
 Metaspace       used 60655K, committed 61504K, reserved 1105920K
  class space    used 6565K, committed 6912K, reserved 1048576K
}
Event: 9.237 GC heap before
{Heap before GC invocations=31 (full 4):
 PSYoungGen      total 21504K, used 20480K [0x00000000eab00000, 0x00000000ec100000, 0x0000000100000000)
  eden space 20480K, 100% used [0x00000000eab00000,0x00000000ebf00000,0x00000000ebf00000)
  from space 1024K, 0% used [0x00000000ebf00000,0x00000000ebf00000,0x00000000ec000000)
  to   space 1024K, 0% used [0x00000000ec000000,0x00000000ec000000,0x00000000ec100000)
 ParOldGen       total 78848K, used 45860K [0x00000000c0000000, 0x00000000c4d00000, 0x00000000eab00000)
  object space 78848K, 58% used [0x00000000c0000000,0x00000000c2cc9208,0x00000000c4d00000)
 Metaspace       used 60655K, committed 61504K, reserved 1105920K
  class space    used 6565K, committed 6912K, reserved 1048576K
}
Event: 9.242 GC heap after
{Heap after GC invocations=31 (full 4):
 PSYoungGen      total 5632K, used 1024K [0x00000000eab00000, 0x00000000ee000000, 0x0000000100000000)
  eden space 4608K, 0% used [0x00000000eab00000,0x00000000eab00000,0x00000000eaf80000)
  from space 1024K, 100% used [0x00000000ec000000,0x00000000ec100000,0x00000000ec100000)
  to   space 16896K, 0% used [0x00000000eaf80000,0x00000000eaf80000,0x00000000ec000000)
 ParOldGen       total 78848K, used 59276K [0x00000000c0000000, 0x00000000c4d00000, 0x00000000eab00000)
  object space 78848K, 75% used [0x00000000c0000000,0x00000000c39e3208,0x00000000c4d00000)
 Metaspace       used 60655K, committed 61504K, reserved 1105920K
  class space    used 6565K, committed 6912K, reserved 1048576K
}
Event: 9.246 GC heap before
{Heap before GC invocations=32 (full 4):
 PSYoungGen      total 5632K, used 5632K [0x00000000eab00000, 0x00000000ee000000, 0x0000000100000000)
  eden space 4608K, 100% used [0x00000000eab00000,0x00000000eaf80000,0x00000000eaf80000)
  from space 1024K, 100% used [0x00000000ec000000,0x00000000ec100000,0x00000000ec100000)
  to   space 16896K, 0% used [0x00000000eaf80000,0x00000000eaf80000,0x00000000ec000000)
 ParOldGen       total 78848K, used 59276K [0x00000000c0000000, 0x00000000c4d00000, 0x00000000eab00000)
  object space 78848K, 75% used [0x00000000c0000000,0x00000000c39e3208,0x00000000c4d00000)
 Metaspace       used 60655K, committed 61504K, reserved 1105920K
  class space    used 6565K, committed 6912K, reserved 1048576K
}
Event: 9.247 GC heap after
{Heap after GC invocations=32 (full 4):
 PSYoungGen      total 8192K, used 3360K [0x00000000eab00000, 0x00000000ec080000, 0x0000000100000000)
  eden space 4608K, 0% used [0x00000000eab00000,0x00000000eab00000,0x00000000eaf80000)
  from space 3584K, 93% used [0x00000000eaf80000,0x00000000eb2c8000,0x00000000eb300000)
  to   space 7680K, 0% used [0x00000000eb900000,0x00000000eb900000,0x00000000ec080000)
 ParOldGen       total 78848K, used 60340K [0x00000000c0000000, 0x00000000c4d00000, 0x00000000eab00000)
  object space 78848K, 76% used [0x00000000c0000000,0x00000000c3aed208,0x00000000c4d00000)
 Metaspace       used 60655K, committed 61504K, reserved 1105920K
  class space    used 6565K, committed 6912K, reserved 1048576K
}
Event: 9.253 GC heap before
{Heap before GC invocations=33 (full 4):
 PSYoungGen      total 8192K, used 7968K [0x00000000eab00000, 0x00000000ec080000, 0x0000000100000000)
  eden space 4608K, 100% used [0x00000000eab00000,0x00000000eaf80000,0x00000000eaf80000)
  from space 3584K, 93% used [0x00000000eaf80000,0x00000000eb2c8000,0x00000000eb300000)
  to   space 7680K, 0% used [0x00000000eb900000,0x00000000eb900000,0x00000000ec080000)
 ParOldGen       total 78848K, used 60340K [0x00000000c0000000, 0x00000000c4d00000, 0x00000000eab00000)
  object space 78848K, 76% used [0x00000000c0000000,0x00000000c3aed208,0x00000000c4d00000)
 Metaspace       used 60655K, committed 61504K, reserved 1105920K
  class space    used 6565K, committed 6912K, reserved 1048576K
}
Event: 9.254 GC heap after
{Heap after GC invocations=33 (full 4):
 PSYoungGen      total 11776K, used 6560K [0x00000000eab00000, 0x00000000ebf80000, 0x0000000100000000)
  eden space 5120K, 0% used [0x00000000eab00000,0x00000000eab00000,0x00000000eb000000)
  from space 6656K, 98% used [0x00000000eb900000,0x00000000ebf68000,0x00000000ebf80000)
  to   space 7680K, 0% used [0x00000000eb080000,0x00000000eb080000,0x00000000eb800000)
 ParOldGen       total 78848K, used 60340K [0x00000000c0000000, 0x00000000c4d00000, 0x00000000eab00000)
  object space 78848K, 76% used [0x00000000c0000000,0x00000000c3aed208,0x00000000c4d00000)
 Metaspace       used 60655K, committed 61504K, reserved 1105920K
  class space    used 6565K, committed 6912K, reserved 1048576K
}
Event: 9.260 GC heap before
{Heap before GC invocations=34 (full 4):
 PSYoungGen      total 11776K, used 11680K [0x00000000eab00000, 0x00000000ebf80000, 0x0000000100000000)
  eden space 5120K, 100% used [0x00000000eab00000,0x00000000eb000000,0x00000000eb000000)
  from space 6656K, 98% used [0x00000000eb900000,0x00000000ebf68000,0x00000000ebf80000)
  to   space 7680K, 0% used [0x00000000eb080000,0x00000000eb080000,0x00000000eb800000)
 ParOldGen       total 78848K, used 60340K [0x00000000c0000000, 0x00000000c4d00000, 0x00000000eab00000)
  object space 78848K, 76% used [0x00000000c0000000,0x00000000c3aed208,0x00000000c4d00000)
 Metaspace       used 60655K, committed 61504K, reserved 1105920K
  class space    used 6565K, committed 6912K, reserved 1048576K
}
Event: 9.261 GC heap after
{Heap after GC invocations=34 (full 4):
 PSYoungGen      total 13312K, used 7680K [0x00000000eab00000, 0x00000000ec600000, 0x0000000100000000)
  eden space 5632K, 0% used [0x00000000eab00000,0x00000000eab00000,0x00000000eb080000)
  from space 7680K, 100% used [0x00000000eb080000,0x00000000eb800000,0x00000000eb800000)
  to   space 10752K, 0% used [0x00000000ebb80000,0x00000000ebb80000,0x00000000ec600000)
 ParOldGen       total 78848K, used 62692K [0x00000000c0000000, 0x00000000c4d00000, 0x00000000eab00000)
  object space 78848K, 79% used [0x00000000c0000000,0x00000000c3d39208,0x00000000c4d00000)
 Metaspace       used 60655K, committed 61504K, reserved 1105920K
  class space    used 6565K, committed 6912K, reserved 1048576K
}
Event: 9.267 GC heap before
{Heap before GC invocations=35 (full 4):
 PSYoungGen      total 13312K, used 13312K [0x00000000eab00000, 0x00000000ec600000, 0x0000000100000000)
  eden space 5632K, 100% used [0x00000000eab00000,0x00000000eb080000,0x00000000eb080000)
  from space 7680K, 100% used [0x00000000eb080000,0x00000000eb800000,0x00000000eb800000)
  to   space 10752K, 0% used [0x00000000ebb80000,0x00000000ebb80000,0x00000000ec600000)
 ParOldGen       total 78848K, used 62692K [0x00000000c0000000, 0x00000000c4d00000, 0x00000000eab00000)
  object space 78848K, 79% used [0x00000000c0000000,0x00000000c3d39208,0x00000000c4d00000)
 Metaspace       used 60655K, committed 61504K, reserved 1105920K
  class space    used 6565K, committed 6912K, reserved 1048576K
}
Event: 9.270 GC heap after
{Heap after GC invocations=35 (full 4):
 PSYoungGen      total 12288K, used 5408K [0x00000000eab00000, 0x00000000ec100000, 0x0000000100000000)
  eden space 6656K, 0% used [0x00000000eab00000,0x00000000eab00000,0x00000000eb180000)
  from space 5632K, 96% used [0x00000000ebb80000,0x00000000ec0c8000,0x00000000ec100000)
  to   space 7168K, 0% used [0x00000000eb300000,0x00000000eb300000,0x00000000eba00000)
 ParOldGen       total 78848K, used 69196K [0x00000000c0000000, 0x00000000c4d00000, 0x00000000eab00000)
  object space 78848K, 87% used [0x00000000c0000000,0x00000000c4393208,0x00000000c4d00000)
 Metaspace       used 60655K, committed 61504K, reserved 1105920K
  class space    used 6565K, committed 6912K, reserved 1048576K
}
Event: 9.276 GC heap before
{Heap before GC invocations=36 (full 4):
 PSYoungGen      total 12288K, used 12064K [0x00000000eab00000, 0x00000000ec100000, 0x0000000100000000)
  eden space 6656K, 100% used [0x00000000eab00000,0x00000000eb180000,0x00000000eb180000)
  from space 5632K, 96% used [0x00000000ebb80000,0x00000000ec0c8000,0x00000000ec100000)
  to   space 7168K, 0% used [0x00000000eb300000,0x00000000eb300000,0x00000000eba00000)
 ParOldGen       total 78848K, used 69196K [0x00000000c0000000, 0x00000000c4d00000, 0x00000000eab00000)
  object space 78848K, 87% used [0x00000000c0000000,0x00000000c4393208,0x00000000c4d00000)
 Metaspace       used 60655K, committed 61504K, reserved 1105920K
  class space    used 6565K, committed 6912K, reserved 1048576K
}
Event: 9.278 GC heap after
{Heap after GC invocations=36 (full 4):
 PSYoungGen      total 15360K, used 7168K [0x00000000eab00000, 0x00000000ec800000, 0x0000000100000000)
  eden space 8192K, 0% used [0x00000000eab00000,0x00000000eab00000,0x00000000eb300000)
  from space 7168K, 100% used [0x00000000eb300000,0x00000000eba00000,0x00000000eba00000)
  to   space 10752K, 0% used [0x00000000ebd80000,0x00000000ebd80000,0x00000000ec800000)
 ParOldGen       total 78848K, used 71924K [0x00000000c0000000, 0x00000000c4d00000, 0x00000000eab00000)
  object space 78848K, 91% used [0x00000000c0000000,0x00000000c463d208,0x00000000c4d00000)
 Metaspace       used 60655K, committed 61504K, reserved 1105920K
  class space    used 6565K, committed 6912K, reserved 1048576K
}
Event: 9.289 GC heap before
{Heap before GC invocations=37 (full 4):
 PSYoungGen      total 15360K, used 15307K [0x00000000eab00000, 0x00000000ec800000, 0x0000000100000000)
  eden space 8192K, 99% used [0x00000000eab00000,0x00000000eb2f2e40,0x00000000eb300000)
  from space 7168K, 100% used [0x00000000eb300000,0x00000000eba00000,0x00000000eba00000)
  to   space 10752K, 0% used [0x00000000ebd80000,0x00000000ebd80000,0x00000000ec800000)
 ParOldGen       total 78848K, used 71924K [0x00000000c0000000, 0x00000000c4d00000, 0x00000000eab00000)
  object space 78848K, 91% used [0x00000000c0000000,0x00000000c463d208,0x00000000c4d00000)
 Metaspace       used 60756K, committed 61632K, reserved 1105920K
  class space    used 6574K, committed 6976K, reserved 1048576K
}
Event: 9.293 GC heap after
{Heap after GC invocations=37 (full 4):
 PSYoungGen      total 15360K, used 5169K [0x00000000eab00000, 0x00000000ec300000, 0x0000000100000000)
  eden space 9728K, 0% used [0x00000000eab00000,0x00000000eab00000,0x00000000eb480000)
  from space 5632K, 91% used [0x00000000ebd80000,0x00000000ec28c4f8,0x00000000ec300000)
  to   space 7168K, 0% used [0x00000000eb500000,0x00000000eb500000,0x00000000ebc00000)
 ParOldGen       total 79360K, used 79164K [0x00000000c0000000, 0x00000000c4d80000, 0x00000000eab00000)
  object space 79360K, 99% used [0x00000000c0000000,0x00000000c4d4f208,0x00000000c4d80000)
 Metaspace       used 60756K, committed 61632K, reserved 1105920K
  class space    used 6574K, committed 6976K, reserved 1048576K
}
Event: 9.293 GC heap before
{Heap before GC invocations=38 (full 5):
 PSYoungGen      total 15360K, used 5169K [0x00000000eab00000, 0x00000000ec300000, 0x0000000100000000)
  eden space 9728K, 0% used [0x00000000eab00000,0x00000000eab00000,0x00000000eb480000)
  from space 5632K, 91% used [0x00000000ebd80000,0x00000000ec28c4f8,0x00000000ec300000)
  to   space 7168K, 0% used [0x00000000eb500000,0x00000000eb500000,0x00000000ebc00000)
 ParOldGen       total 79360K, used 79164K [0x00000000c0000000, 0x00000000c4d80000, 0x00000000eab00000)
  object space 79360K, 99% used [0x00000000c0000000,0x00000000c4d4f208,0x00000000c4d80000)
 Metaspace       used 60756K, committed 61632K, reserved 1105920K
  class space    used 6574K, committed 6976K, reserved 1048576K
}
Event: 9.321 GC heap after
{Heap after GC invocations=38 (full 5):
 PSYoungGen      total 17408K, used 0K [0x00000000eab00000, 0x00000000ec400000, 0x0000000100000000)
  eden space 10240K, 0% used [0x00000000eab00000,0x00000000eab00000,0x00000000eb500000)
  from space 7168K, 0% used [0x00000000eb500000,0x00000000eb500000,0x00000000ebc00000)
  to   space 7168K, 0% used [0x00000000ebd00000,0x00000000ebd00000,0x00000000ec400000)
 ParOldGen       total 118272K, used 71295K [0x00000000c0000000, 0x00000000c7380000, 0x00000000eab00000)
  object space 118272K, 60% used [0x00000000c0000000,0x00000000c459fe00,0x00000000c7380000)
 Metaspace       used 60756K, committed 61632K, reserved 1105920K
  class space    used 6574K, committed 6976K, reserved 1048576K
}
Event: 9.358 GC heap before
{Heap before GC invocations=39 (full 5):
 PSYoungGen      total 17408K, used 10239K [0x00000000eab00000, 0x00000000ec400000, 0x0000000100000000)
  eden space 10240K, 99% used [0x00000000eab00000,0x00000000eb4fffe0,0x00000000eb500000)
  from space 7168K, 0% used [0x00000000eb500000,0x00000000eb500000,0x00000000ebc00000)
  to   space 7168K, 0% used [0x00000000ebd00000,0x00000000ebd00000,0x00000000ec400000)
 ParOldGen       total 118272K, used 71295K [0x00000000c0000000, 0x00000000c7380000, 0x00000000eab00000)
  object space 118272K, 60% used [0x00000000c0000000,0x00000000c459fe00,0x00000000c7380000)
 Metaspace       used 61947K, committed 62848K, reserved 1105920K
  class space    used 6643K, committed 7104K, reserved 1048576K
}
Event: 9.359 GC heap after
{Heap after GC invocations=39 (full 5):
 PSYoungGen      total 13824K, used 1755K [0x00000000eab00000, 0x00000000ebf00000, 0x0000000100000000)
  eden space 11776K, 0% used [0x00000000eab00000,0x00000000eab00000,0x00000000eb680000)
  from space 2048K, 85% used [0x00000000ebd00000,0x00000000ebeb6ca0,0x00000000ebf00000)
  to   space 3584K, 0% used [0x00000000eb800000,0x00000000eb800000,0x00000000ebb80000)
 ParOldGen       total 118272K, used 71303K [0x00000000c0000000, 0x00000000c7380000, 0x00000000eab00000)
  object space 118272K, 60% used [0x00000000c0000000,0x00000000c45a1e00,0x00000000c7380000)
 Metaspace       used 61947K, committed 62848K, reserved 1105920K
  class space    used 6643K, committed 7104K, reserved 1048576K
}

Deoptimization events (20 events):
Event: 9.177 Thread 0x00000143b98c93b0 DEOPT PACKING pc=0x00000143a47fe50c sp=0x00000016bd5ff5c0
Event: 9.177 Thread 0x00000143b98c93b0 DEOPT UNPACKING pc=0x000001439c8f20a3 sp=0x00000016bd5ff508 mode 2
Event: 9.187 Thread 0x00000143b98c93b0 Uncommon trap: trap_request=0xffffffc6 fr.pc=0x00000143a46c9700 relative=0x00000000000020a0
Event: 9.187 Thread 0x00000143b98c93b0 Uncommon trap: reason=bimorphic_or_optimized_type_check action=maybe_recompile pc=0x00000143a46c9700 method=com.google.gson.internal.bind.TypeAdapterRuntimeTypeWrapper.read(Lcom/google/gson/stream/JsonReader;)Ljava/lang/Object; @ 5 c2
Event: 9.187 Thread 0x00000143b98c93b0 DEOPT PACKING pc=0x00000143a46c9700 sp=0x00000016bd5ff0e0
Event: 9.187 Thread 0x00000143b98c93b0 DEOPT UNPACKING pc=0x000001439c8f20a3 sp=0x00000016bd5ff128 mode 2
Event: 9.187 Thread 0x00000143b98c93b0 Uncommon trap: trap_request=0xffffffc6 fr.pc=0x00000143a46c9700 relative=0x00000000000020a0
Event: 9.187 Thread 0x00000143b98c93b0 Uncommon trap: reason=bimorphic_or_optimized_type_check action=maybe_recompile pc=0x00000143a46c9700 method=com.google.gson.internal.bind.TypeAdapterRuntimeTypeWrapper.read(Lcom/google/gson/stream/JsonReader;)Ljava/lang/Object; @ 5 c2
Event: 9.187 Thread 0x00000143b98c93b0 DEOPT PACKING pc=0x00000143a46c9700 sp=0x00000016bd5fefd0
Event: 9.187 Thread 0x00000143b98c93b0 DEOPT UNPACKING pc=0x000001439c8f20a3 sp=0x00000016bd5ff028 mode 2
Event: 9.337 Thread 0x00000143b98c8540 Uncommon trap: trap_request=0xffffff45 fr.pc=0x00000143a477f38c relative=0x000000000000008c
Event: 9.337 Thread 0x00000143b98c8540 Uncommon trap: reason=unstable_if action=reinterpret pc=0x00000143a477f38c method=java.util.Hashtable$Enumerator.nextElement()Ljava/lang/Object; @ 87 c2
Event: 9.337 Thread 0x00000143b98c8540 DEOPT PACKING pc=0x00000143a477f38c sp=0x00000016bd1fe220
Event: 9.337 Thread 0x00000143b98c8540 DEOPT UNPACKING pc=0x000001439c8f20a3 sp=0x00000016bd1fe1a0 mode 2
Event: 9.358 Thread 0x00000143b98c8a10 DEOPT PACKING pc=0x000001439d16b621 sp=0x00000016bd2fdb90
Event: 9.358 Thread 0x00000143b98c8a10 DEOPT UNPACKING pc=0x000001439c8f2843 sp=0x00000016bd2fd048 mode 0
Event: 9.411 Thread 0x00000143b98c8a10 Uncommon trap: trap_request=0xffffffde fr.pc=0x00000143a45b22e8 relative=0x0000000000000068
Event: 9.411 Thread 0x00000143b98c8a10 Uncommon trap: reason=class_check action=maybe_recompile pc=0x00000143a45b22e8 method=java.util.LinkedHashMap.afterNodeInsertion(Z)V @ 15 c2
Event: 9.411 Thread 0x00000143b98c8a10 DEOPT PACKING pc=0x00000143a45b22e8 sp=0x00000016bd2fea40
Event: 9.411 Thread 0x00000143b98c8a10 DEOPT UNPACKING pc=0x000001439c8f20a3 sp=0x00000016bd2fe9b8 mode 2

Classes unloaded (7 events):
Event: 4.512 Thread 0x00000143984cd7d0 Unloading class 0x0000000100218800 'java/lang/invoke/LambdaForm$MH+0x0000000100218800'
Event: 4.512 Thread 0x00000143984cd7d0 Unloading class 0x0000000100218400 'java/lang/invoke/LambdaForm$MH+0x0000000100218400'
Event: 4.512 Thread 0x00000143984cd7d0 Unloading class 0x0000000100218000 'java/lang/invoke/LambdaForm$MH+0x0000000100218000'
Event: 4.512 Thread 0x00000143984cd7d0 Unloading class 0x0000000100217c00 'java/lang/invoke/LambdaForm$MH+0x0000000100217c00'
Event: 4.512 Thread 0x00000143984cd7d0 Unloading class 0x0000000100217400 'java/lang/invoke/LambdaForm$BMH+0x0000000100217400'
Event: 4.512 Thread 0x00000143984cd7d0 Unloading class 0x0000000100217000 'java/lang/invoke/LambdaForm$DMH+0x0000000100217000'
Event: 4.512 Thread 0x00000143984cd7d0 Unloading class 0x0000000100214400 'java/lang/invoke/LambdaForm$DMH+0x0000000100214400'

Classes redefined (0 events):
No events

Internal exceptions (20 events):
Event: 8.298 Thread 0x00000143b31bd240 Exception <a 'sun/nio/fs/WindowsException'{0x00000000eb345528}> (0x00000000eb345528) 
thrown [s\src\hotspot\share\prims\jni.cpp, line 516]
Event: 8.299 Thread 0x00000143b31bd240 Exception <a 'sun/nio/fs/WindowsException'{0x00000000eb348bc0}> (0x00000000eb348bc0) 
thrown [s\src\hotspot\share\prims\jni.cpp, line 516]
Event: 8.323 Thread 0x00000143b31bd240 Implicit null exception at 0x00000143a4561548 to 0x00000143a4561608
Event: 8.711 Thread 0x00000143b31bd240 Exception <a 'java/lang/NoSuchMethodError'{0x00000000eac91980}: 'java.lang.Object java.lang.invoke.DirectMethodHandle$Holder.newInvokeSpecial(java.lang.Object, java.lang.Object, java.lang.Object, int, java.lang.Object)'> (0x00000000eac91980) 
thrown [s\src\hotspot\share\interpreter\linkResolver.cpp, line 759]
Event: 8.711 Thread 0x00000143b31bd240 Exception <a 'java/lang/NoSuchMethodError'{0x00000000eac95b30}: 'java.lang.Object java.lang.invoke.DirectMethodHandle$Holder.invokeSpecial(java.lang.Object, java.lang.Object, java.lang.Object, java.lang.Object, int, java.lang.Object)'> (0x00000000eac95b30) 
thrown [s\src\hotspot\share\interpreter\linkResolver.cpp, line 759]
Event: 8.718 Thread 0x00000143b31bd240 Exception <a 'sun/nio/fs/WindowsException'{0x00000000eacd4fb0}> (0x00000000eacd4fb0) 
thrown [s\src\hotspot\share\prims\jni.cpp, line 516]
Event: 8.739 Thread 0x00000143b31bd240 Exception <a 'sun/nio/fs/WindowsException'{0x00000000eadaa1a0}> (0x00000000eadaa1a0) 
thrown [s\src\hotspot\share\prims\jni.cpp, line 516]
Event: 8.769 Thread 0x00000143b31bba30 Exception <a 'java/io/FileNotFoundException'{0x00000000eaeeacb8}> (0x00000000eaeeacb8) 
thrown [s\src\hotspot\share\prims\jni.cpp, line 516]
Event: 8.769 Thread 0x00000143b31bba30 Exception <a 'java/io/FileNotFoundException'{0x00000000eaeebf90}> (0x00000000eaeebf90) 
thrown [s\src\hotspot\share\prims\jni.cpp, line 516]
Event: 8.777 Thread 0x00000143b31bb560 Exception <a 'sun/nio/fs/WindowsException'{0x00000000eafa1030}> (0x00000000eafa1030) 
thrown [s\src\hotspot\share\prims\jni.cpp, line 516]
Event: 8.797 Thread 0x00000143b31bb560 Exception <a 'java/lang/NoSuchMethodError'{0x00000000eafe13e8}: 'java.lang.Object java.lang.invoke.DirectMethodHandle$Holder.invokeInterface(java.lang.Object, java.lang.Object, java.lang.Object)'> (0x00000000eafe13e8) 
thrown [s\src\hotspot\share\interpreter\linkResolver.cpp, line 759]
Event: 8.804 Thread 0x00000143b31bc8a0 Exception <a 'sun/nio/fs/WindowsException'{0x00000000eb06c6a8}> (0x00000000eb06c6a8) 
thrown [s\src\hotspot\share\prims\jni.cpp, line 516]
Event: 8.804 Thread 0x00000143b31bc8a0 Exception <a 'sun/nio/fs/WindowsException'{0x00000000eb06ca68}> (0x00000000eb06ca68) 
thrown [s\src\hotspot\share\prims\jni.cpp, line 516]
Event: 8.831 Thread 0x00000143b31bb560 Exception <a 'java/io/FileNotFoundException'{0x00000000eb3234e0}> (0x00000000eb3234e0) 
thrown [s\src\hotspot\share\prims\jni.cpp, line 516]
Event: 8.948 Thread 0x00000143b31bb560 Exception <a 'java/lang/NoSuchMethodError'{0x00000000ebd3f390}: 'int java.lang.invoke.DirectMethodHandle$Holder.invokeStatic(java.lang.Object, java.lang.Object, java.lang.Object, int)'> (0x00000000ebd3f390) 
thrown [s\src\hotspot\share\interpreter\linkResolver.cpp, line 759]
Event: 8.964 Thread 0x00000143b31bb560 Exception <a 'java/lang/NoSuchMethodError'{0x00000000ebe1e3f0}: 'int java.lang.invoke.DirectMethodHandle$Holder.invokeVirtual(java.lang.Object, java.lang.Object, java.lang.Object)'> (0x00000000ebe1e3f0) 
thrown [s\src\hotspot\share\interpreter\linkResolver.cpp, line 759]
Event: 9.026 Thread 0x00000143b31bb560 Exception <a 'java/io/FileNotFoundException'{0x00000000eac6cd80}> (0x00000000eac6cd80) 
thrown [s\src\hotspot\share\prims\jni.cpp, line 516]
Event: 9.168 Thread 0x00000143b98c9880 Exception <a 'java/io/FileNotFoundException'{0x00000000eb388188}> (0x00000000eb388188) 
thrown [s\src\hotspot\share\prims\jni.cpp, line 516]
Event: 9.385 Thread 0x00000143b98c8a10 Exception <a 'java/lang/NoSuchMethodError'{0x00000000eae01d50}: 'java.lang.Object java.lang.invoke.DirectMethodHandle$Holder.invokeStatic(java.lang.Object, int, java.lang.Object, java.lang.Object, java.lang.Object, java.lang.Object)'> (0x00000000eae01d50) 
thrown [s\src\hotspot\share\interpreter\linkResolver.cpp, line 759]
Event: 9.416 Thread 0x00000143b98c8a10 Exception <a 'java/lang/NoSuchMethodError'{0x00000000eb28a7c0}: 'int java.lang.invoke.DirectMethodHandle$Holder.invokeSpecialIFC(java.lang.Object, java.lang.Object, java.lang.Object, java.lang.Object)'> (0x00000000eb28a7c0) 
thrown [s\src\hotspot\share\interpreter\linkResolver.cpp, line 759]

VM Operations (20 events):
Event: 9.246 Executing VM operation: ParallelGCFailedAllocation
Event: 9.247 Executing VM operation: ParallelGCFailedAllocation done
Event: 9.253 Executing VM operation: ParallelGCFailedAllocation
Event: 9.254 Executing VM operation: ParallelGCFailedAllocation done
Event: 9.259 Executing VM operation: ParallelGCFailedAllocation
Event: 9.261 Executing VM operation: ParallelGCFailedAllocation done
Event: 9.267 Executing VM operation: ParallelGCFailedAllocation
Event: 9.270 Executing VM operation: ParallelGCFailedAllocation done
Event: 9.276 Executing VM operation: ParallelGCFailedAllocation
Event: 9.278 Executing VM operation: ParallelGCFailedAllocation done
Event: 9.289 Executing VM operation: ParallelGCFailedAllocation
Event: 9.321 Executing VM operation: ParallelGCFailedAllocation done
Event: 9.332 Executing VM operation: HandshakeAllThreads
Event: 9.333 Executing VM operation: HandshakeAllThreads done
Event: 9.333 Executing VM operation: HandshakeAllThreads
Event: 9.333 Executing VM operation: HandshakeAllThreads done
Event: 9.353 Executing VM operation: HandshakeAllThreads
Event: 9.353 Executing VM operation: HandshakeAllThreads done
Event: 9.358 Executing VM operation: ParallelGCFailedAllocation
Event: 9.359 Executing VM operation: ParallelGCFailedAllocation done

Events (20 events):
Event: 9.146 loading class java/util/zip/CheckedInputStream done
Event: 9.150 loading class java/util/concurrent/CompletionException
Event: 9.150 loading class java/util/concurrent/CompletionException done
Event: 9.161 loading class java/util/Hashtable$KeySet
Event: 9.162 loading class java/util/Hashtable$KeySet done
Event: 9.177 loading class java/util/zip/GZIPInputStream$1
Event: 9.177 loading class java/util/zip/GZIPInputStream$1 done
Event: 9.224 Thread 0x00000143afe46e40 flushing nmethod 0x000001439d16a210
Event: 9.224 Thread 0x00000143afe46e40 flushing nmethod 0x000001439d22e990
Event: 9.225 Thread 0x00000143afe46e40 flushing nmethod 0x000001439d348490
Event: 9.225 Thread 0x00000143afe46e40 flushing nmethod 0x000001439d349c90
Event: 9.227 Thread 0x00000143afe46e40 flushing nmethod 0x000001439da55e90
Event: 9.287 Thread 0x00000143b98c93b0 Thread exited: 0x00000143b98c93b0
Event: 9.287 loading class java/util/concurrent/CompletableFuture$Signaller
Event: 9.288 loading class java/util/concurrent/CompletableFuture$Signaller done
Event: 9.288 Thread 0x00000143b98c46b0 Thread added: 0x00000143b98c46b0
Event: 9.323 loading class java/util/LinkedList$LLSpliterator
Event: 9.323 loading class java/util/LinkedList$LLSpliterator done
Event: 9.328 loading class javax/xml/transform/TransformerConfigurationException
Event: 9.328 loading class javax/xml/transform/TransformerConfigurationException done


Dynamic libraries:
0x00007ff73f2f0000 - 0x00007ff73f2fe000 	c:\Users\D4Rk0n3\.vscode\extensions\redhat.java-1.10.0-win32-x64\jre\17.0.4-win32-x86_64\bin\java.exe
0x00007ffbb5590000 - 0x00007ffbb57a4000 	C:\WINDOWS\SYSTEM32\ntdll.dll
0x00007ffbb3a30000 - 0x00007ffbb3af2000 	C:\WINDOWS\System32\KERNEL32.DLL
0x00007ffbb2a50000 - 0x00007ffbb2dec000 	C:\WINDOWS\System32\KERNELBASE.dll
0x00007ffb86960000 - 0x00007ffb86978000 	c:\Users\D4Rk0n3\.vscode\extensions\redhat.java-1.10.0-win32-x64\jre\17.0.4-win32-x86_64\bin\jli.dll
0x00007ffb89c20000 - 0x00007ffb89c39000 	c:\Users\D4Rk0n3\.vscode\extensions\redhat.java-1.10.0-win32-x64\jre\17.0.4-win32-x86_64\bin\VCRUNTIME140.dll
0x00007ffbb31b0000 - 0x00007ffbb32c1000 	C:\WINDOWS\System32\ucrtbase.dll
0x00007ffbb3500000 - 0x00007ffbb36aa000 	C:\WINDOWS\System32\USER32.dll
0x00007ffba1400000 - 0x00007ffba168e000 	C:\WINDOWS\WinSxS\amd64_microsoft.windows.common-controls_6595b64144ccf1df_6.0.22621.436_none_a94247dbc10d8414\COMCTL32.dll
0x00007ffbb32d0000 - 0x00007ffbb32f6000 	C:\WINDOWS\System32\win32u.dll
0x00007ffbb3e20000 - 0x00007ffbb3ec7000 	C:\WINDOWS\System32\msvcrt.dll
0x00007ffbb3b10000 - 0x00007ffbb3b39000 	C:\WINDOWS\System32\GDI32.dll
0x00007ffbb3090000 - 0x00007ffbb31a2000 	C:\WINDOWS\System32\gdi32full.dll
0x00007ffbb3300000 - 0x00007ffbb339a000 	C:\WINDOWS\System32\msvcp_win.dll
0x00007ffbb3830000 - 0x00007ffbb3861000 	C:\WINDOWS\System32\IMM32.DLL
0x00007ffb94500000 - 0x00007ffb9450c000 	c:\Users\D4Rk0n3\.vscode\extensions\redhat.java-1.10.0-win32-x64\jre\17.0.4-win32-x86_64\bin\vcruntime140_1.dll
0x00007ffac2760000 - 0x00007ffac27f1000 	c:\Users\D4Rk0n3\.vscode\extensions\redhat.java-1.10.0-win32-x64\jre\17.0.4-win32-x86_64\bin\msvcp140.dll
0x00007ffac1b10000 - 0x00007ffac2756000 	c:\Users\D4Rk0n3\.vscode\extensions\redhat.java-1.10.0-win32-x64\jre\17.0.4-win32-x86_64\bin\server\jvm.dll
0x00007ffbb3c50000 - 0x00007ffbb3cfe000 	C:\WINDOWS\System32\ADVAPI32.dll
0x00007ffbb3ba0000 - 0x00007ffbb3c44000 	C:\WINDOWS\System32\sechost.dll
0x00007ffbb3d00000 - 0x00007ffbb3e15000 	C:\WINDOWS\System32\RPCRT4.dll
0x00007ffbb4860000 - 0x00007ffbb4868000 	C:\WINDOWS\System32\PSAPI.DLL
0x00007ffbaaba0000 - 0x00007ffbaabd4000 	C:\WINDOWS\SYSTEM32\WINMM.dll
0x00007ffb91c40000 - 0x00007ffb91c49000 	C:\WINDOWS\SYSTEM32\WSOCK32.dll
0x00007ffba9620000 - 0x00007ffba962a000 	C:\WINDOWS\SYSTEM32\VERSION.dll
0x00007ffbb37b0000 - 0x00007ffbb3821000 	C:\WINDOWS\System32\WS2_32.dll
0x00007ffbb19e0000 - 0x00007ffbb19f8000 	C:\WINDOWS\SYSTEM32\kernel.appcore.dll
0x00007ffb94160000 - 0x00007ffb9416a000 	c:\Users\D4Rk0n3\.vscode\extensions\redhat.java-1.10.0-win32-x64\jre\17.0.4-win32-x86_64\bin\jimage.dll
0x00007ffbb0370000 - 0x00007ffbb059e000 	C:\WINDOWS\SYSTEM32\DBGHELP.DLL
0x00007ffbb44c0000 - 0x00007ffbb4849000 	C:\WINDOWS\System32\combase.dll
0x00007ffbb53c0000 - 0x00007ffbb5497000 	C:\WINDOWS\System32\OLEAUT32.dll
0x00007ffb907d0000 - 0x00007ffb90802000 	C:\WINDOWS\SYSTEM32\dbgcore.DLL
0x00007ffbb29d0000 - 0x00007ffbb2a4b000 	C:\WINDOWS\System32\bcryptPrimitives.dll
0x00007ffb93770000 - 0x00007ffb9377e000 	c:\Users\D4Rk0n3\.vscode\extensions\redhat.java-1.10.0-win32-x64\jre\17.0.4-win32-x86_64\bin\instrument.dll
0x00007ffb79720000 - 0x00007ffb79745000 	c:\Users\D4Rk0n3\.vscode\extensions\redhat.java-1.10.0-win32-x64\jre\17.0.4-win32-x86_64\bin\java.dll
0x00007ffb78a60000 - 0x00007ffb78a78000 	c:\Users\D4Rk0n3\.vscode\extensions\redhat.java-1.10.0-win32-x64\jre\17.0.4-win32-x86_64\bin\zip.dll
0x00007ffbb4950000 - 0x00007ffbb512d000 	C:\WINDOWS\System32\SHELL32.dll
0x00007ffbb0a10000 - 0x00007ffbb12c6000 	C:\WINDOWS\SYSTEM32\windows.storage.dll
0x00007ffbb08d0000 - 0x00007ffbb0a0d000 	C:\WINDOWS\SYSTEM32\wintypes.dll
0x00007ffbb3ed0000 - 0x00007ffbb3fc1000 	C:\WINDOWS\System32\SHCORE.dll
0x00007ffbb48f0000 - 0x00007ffbb494e000 	C:\WINDOWS\System32\shlwapi.dll
0x00007ffbb2900000 - 0x00007ffbb2921000 	C:\WINDOWS\SYSTEM32\profapi.dll
0x00007ffb782d0000 - 0x00007ffb782e9000 	C:\Users\D4Rk0n3\.vscode\extensions\redhat.java-1.10.0-win32-x64\jre\17.0.4-win32-x86_64\bin\net.dll
0x00007ffbabb20000 - 0x00007ffbabc4f000 	C:\WINDOWS\SYSTEM32\WINHTTP.dll
0x00007ffbb1e90000 - 0x00007ffbb1ef9000 	C:\WINDOWS\system32\mswsock.dll
0x00007ffb720f0000 - 0x00007ffb72105000 	C:\Users\D4Rk0n3\.vscode\extensions\redhat.java-1.10.0-win32-x64\jre\17.0.4-win32-x86_64\bin\nio.dll
0x00007ffb92c90000 - 0x00007ffb92ca0000 	c:\Users\D4Rk0n3\.vscode\extensions\redhat.java-1.10.0-win32-x64\jre\17.0.4-win32-x86_64\bin\verify.dll
0x00007ffb79470000 - 0x00007ffb794ae000 	C:\Users\D4Rk0n3\AppData\Roaming\Code\User\globalStorage\redhat.java\1.10.0\config_win\org.eclipse.equinox.launcher\org.eclipse.equinox.launcher.win32.win32.x86_64_1.2.500.v20220509-0833\eclipse_11700.dll
0x00007ffbb51c0000 - 0x00007ffbb535c000 	C:\WINDOWS\System32\ole32.dll
0x00007ffbb20d0000 - 0x00007ffbb20eb000 	C:\WINDOWS\SYSTEM32\CRYPTSP.dll
0x00007ffbb19a0000 - 0x00007ffbb19d5000 	C:\WINDOWS\system32\rsaenh.dll
0x00007ffbb1f80000 - 0x00007ffbb1fa8000 	C:\WINDOWS\SYSTEM32\USERENV.dll
0x00007ffbb2290000 - 0x00007ffbb22b8000 	C:\WINDOWS\SYSTEM32\bcrypt.dll
0x00007ffbb2280000 - 0x00007ffbb228c000 	C:\WINDOWS\SYSTEM32\CRYPTBASE.dll
0x00007ffbb1520000 - 0x00007ffbb154d000 	C:\WINDOWS\SYSTEM32\IPHLPAPI.DLL
0x00007ffbb4850000 - 0x00007ffbb4859000 	C:\WINDOWS\System32\NSI.dll
0x00007ffbaafb0000 - 0x00007ffbaafc9000 	C:\WINDOWS\SYSTEM32\dhcpcsvc6.DLL
0x00007ffbaaed0000 - 0x00007ffbaaeef000 	C:\WINDOWS\SYSTEM32\dhcpcsvc.DLL
0x00007ffbb1590000 - 0x00007ffbb1682000 	C:\WINDOWS\SYSTEM32\DNSAPI.dll
0x00007ffb716d0000 - 0x00007ffb71714000 	C:\Users\D4Rk0n3\AppData\Local\Temp\jna-1788389964\jna1968047242407605789.dll
0x00007ffb91fa0000 - 0x00007ffb91fae000 	C:\Users\D4Rk0n3\.vscode\extensions\redhat.java-1.10.0-win32-x64\jre\17.0.4-win32-x86_64\bin\sunmscapi.dll
0x00007ffbb2e60000 - 0x00007ffbb2fc6000 	C:\WINDOWS\System32\CRYPT32.dll
0x00007ffbb2230000 - 0x00007ffbb225d000 	C:\WINDOWS\SYSTEM32\ncrypt.dll
0x00007ffbb21f0000 - 0x00007ffbb2227000 	C:\WINDOWS\SYSTEM32\NTASN1.dll
0x00007ffb97090000 - 0x00007ffb9709a000 	C:\Windows\System32\rasadhlp.dll
0x00007ffbaa680000 - 0x00007ffbaa703000 	C:\WINDOWS\System32\fwpuclnt.dll

dbghelp: loaded successfully - version: 4.0.5 - missing functions: none
symbol engine: initialized successfully - sym options: 0x614 - pdb path: .;c:\Users\D4Rk0n3\.vscode\extensions\redhat.java-1.10.0-win32-x64\jre\17.0.4-win32-x86_64\bin;C:\WINDOWS\SYSTEM32;C:\WINDOWS\WinSxS\amd64_microsoft.windows.common-controls_6595b64144ccf1df_6.0.22621.436_none_a94247dbc10d8414;c:\Users\D4Rk0n3\.vscode\extensions\redhat.java-1.10.0-win32-x64\jre\17.0.4-win32-x86_64\bin\server;C:\Users\D4Rk0n3\AppData\Roaming\Code\User\globalStorage\redhat.java\1.10.0\config_win\org.eclipse.equinox.launcher\org.eclipse.equinox.launcher.win32.win32.x86_64_1.2.500.v20220509-0833;C:\Users\D4Rk0n3\AppData\Local\Temp\jna-1788389964

VM Arguments:
jvm_args: --add-modules=ALL-SYSTEM --add-opens=java.base/java.util=ALL-UNNAMED --add-opens=java.base/java.lang=ALL-UNNAMED --add-opens=java.base/sun.nio.fs=ALL-UNNAMED -Declipse.application=org.eclipse.jdt.ls.core.id1 -Dosgi.bundles.defaultStartLevel=4 -Declipse.product=org.eclipse.jdt.ls.core.product -Djava.import.generatesMetadataFilesAtProjectRoot=false -Dfile.encoding=utf8 -DwatchParentProcess=false -XX:+UseParallelGC -XX:GCTimeRatio=4 -XX:AdaptiveSizePolicyWeight=90 -Dsun.zip.disableMemoryMapping=true -Xmx1G -Xms100m -Xlog:jni+resolve=off -javaagent:c:\Users\D4Rk0n3\.vscode\extensions\redhat.java-1.10.0-win32-x64\lombok\lombok-1.18.24.jar -XX:+HeapDumpOnOutOfMemoryError -XX:HeapDumpPath=c:\Users\D4Rk0n3\AppData\Roaming\Code\User\workspaceStorage\3522ba8e8ce5ee884612eebb4ccb723e\redhat.java 
java_command: c:\Users\D4Rk0n3\.vscode\extensions\redhat.java-1.10.0-win32-x64\server\plugins\org.eclipse.equinox.launcher_1.6.400.v20210924-0641.jar -configuration c:\Users\D4Rk0n3\AppData\Roaming\Code\User\globalStorage\redhat.java\1.10.0\config_win -data c:\Users\D4Rk0n3\AppData\Roaming\Code\User\workspaceStorage\3522ba8e8ce5ee884612eebb4ccb723e\redhat.java\jdt_ws
java_class_path (initial): c:\Users\D4Rk0n3\.vscode\extensions\redhat.java-1.10.0-win32-x64\server\plugins\org.eclipse.equinox.launcher_1.6.400.v20210924-0641.jar
Launcher Type: SUN_STANDARD

[Global flags]
    uintx AdaptiveSizePolicyWeight                 = 90                                        {product} {command line}
     intx CICompilerCount                          = 12                                        {product} {ergonomic}
    uintx GCTimeRatio                              = 4                                         {product} {command line}
     bool HeapDumpOnOutOfMemoryError               = true                                   {manageable} {command line}
    ccstr HeapDumpPath                             = c:\Users\D4Rk0n3\AppData\Roaming\Code\User\workspaceStorage\3522ba8e8ce5ee884612eebb4ccb723e\redhat.java         {manageable} {command line}
   size_t InitialHeapSize                          = 104857600                                 {product} {command line}
   size_t MaxHeapSize                              = 1073741824                                {product} {command line}
   size_t MaxNewSize                               = 357564416                                 {product} {ergonomic}
   size_t MinHeapDeltaBytes                        = 524288                                    {product} {ergonomic}
   size_t MinHeapSize                              = 104857600                                 {product} {command line}
   size_t NewSize                                  = 34603008                                  {product} {ergonomic}
    uintx NonNMethodCodeHeapSize                   = 7602480                                {pd product} {ergonomic}
    uintx NonProfiledCodeHeapSize                  = 122027880                              {pd product} {ergonomic}
   size_t OldSize                                  = 70254592                                  {product} {ergonomic}
    uintx ProfiledCodeHeapSize                     = 122027880                              {pd product} {ergonomic}
    uintx ReservedCodeCacheSize                    = 251658240                              {pd product} {ergonomic}
     bool SegmentedCodeCache                       = true                                      {product} {ergonomic}
   size_t SoftMaxHeapSize                          = 1073741824                             {manageable} {ergonomic}
     bool UseCompressedClassPointers               = true                           {product lp64_product} {ergonomic}
     bool UseCompressedOops                        = true                           {product lp64_product} {ergonomic}
     bool UseLargePagesIndividualAllocation        = false                                  {pd product} {ergonomic}
     bool UseParallelGC                            = true                                      {product} {command line}

Logging:
Log output configuration:
 #0: stdout all=warning,jni+resolve=off uptime,level,tags
 #1: stderr all=off uptime,level,tags

Environment Variables:
PATH=C:\oraclexe\app\oracle\product\11.2.0\server\bin;C:\Program Files\Eclipse Adoptium\jdk-17.0.1.12-hotspot\bin;C:\Program Files\Common Files\Oracle\Java\javapath;C:\Windows\system32;C:\Windows;C:\Windows\System32\Wbem;C:\Windows\System32\WindowsPowerShell\v1.0\;C:\Windows\System32\OpenSSH\;C:\Program Files (x86)\NVIDIA Corporation\PhysX\Common;C:\Program Files\NVIDIA Corporation\NVIDIA NvDLISR;C:\Program Files\dotnet\;C:\WINDOWS\system32;C:\WINDOWS;C:\WINDOWS\System32\Wbem;C:\WINDOWS\System32\WindowsPowerShell\v1.0\;C:\WINDOWS\System32\OpenSSH\;C:\Program Files\Git\cmd;C:\Program Files (x86)\BaseX\bin;C:\Users\D4Rk0n3\AppData\Local\Microsoft\WindowsApps;;C:\Users\D4Rk0n3\AppData\Local\Programs\Microsoft VS Code\bin
USERNAME=D4Rk0n3
OS=Windows_NT
PROCESSOR_IDENTIFIER=Intel64 Family 6 Model 151 Stepping 2, GenuineIntel
TMP=C:\Users\D4Rk0n3\AppData\Local\Temp
TEMP=C:\Users\D4Rk0n3\AppData\Local\Temp



---------------  S Y S T E M  ---------------

OS:
 Windows 11 , 64 bit Build 22621 (10.0.22621.598)
OS uptime: 0 days 1:06 hours

CPU: total 16 (initial active 16) (8 cores per cpu, 2 threads per core) family 6 model 151 stepping 2 microcode 0x23, cx8, cmov, fxsr, ht, mmx, 3dnowpref, sse, sse2, sse3, ssse3, sse4.1, sse4.2, popcnt, lzcnt, tsc, tscinvbit, avx, avx2, aes, erms, clmul, bmi1, bmi2, adx, sha, fma, vzeroupper, clflush, clflushopt, clwb

Memory: 4k page, system-wide physical 32577M (19829M free)
TotalPageFile size 43167M (AvailPageFile size 16097M)
current process WorkingSet (physical memory assigned to process): 323M, peak: 323M
current process commit charge ("private bytes"): 414M, peak: 414M

vm_info: OpenJDK 64-Bit Server VM (17.0.4+8) for windows-amd64 JRE (17.0.4+8), built on Jul 19 2022 16:05:16 by "temurin" with MS VC++ 16.7 (VS2019)

END.
